MPChartLib/build/outputs/logs/manifest-merger-release-report.txt
-- Merging decision tree log ---
manifest
ADDED from XCJ/MPChartLib/AndroidManifest.xml:2:1-13:12
INJECTED from XCJ/MPChartLib/AndroidManifest.xml:2:1-13:12
INJECTED from XCJ/MPChartLib/AndroidManifest.xml:2:1-13:12
INJECTED from XCJ/MPChartLib/AndroidManifest.xml:2:1-13:12
INJECTED from XCJ/MPChartLib/AndroidManifest.xml:2:1-13:12
INJECTED from XCJ/MPChartLib/AndroidManifest.xml:2:1-13:12
INJECTED from XCJ/MPChartLib/AndroidManifest.xml:2:1-13:12
	package
		ADDED from XCJ/MPChartLib/AndroidManifest.xml:2:11-49
		INJECTED from XCJ/MPChartLib/AndroidManifest.xml
		INJECTED from XCJ/MPChartLib/AndroidManifest.xml
	android:versionName
		INJECTED from XCJ/MPChartLib/AndroidManifest.xml
		ADDED from XCJ/MPChartLib/AndroidManifest.xml:2:1-13:12
		INJECTED from XCJ/MPChartLib/AndroidManifest.xml
	android:versionCode
		INJECTED from XCJ/MPChartLib/AndroidManifest.xml
		ADDED from XCJ/MPChartLib/AndroidManifest.xml:2:1-13:12
		INJECTED from XCJ/MPChartLib/AndroidManifest.xml
uses-sdk
INJECTED from XCJ/MPChartLib/AndroidManifest.xml reason: use-sdk injection requested
INJECTED from XCJ/MPChartLib/AndroidManifest.xml
INJECTED from XCJ/MPChartLib/AndroidManifest.xml
INJECTED from XCJ/MPChartLib/AndroidManifest.xml
INJECTED from XCJ/MPChartLib/AndroidManifest.xml
	android:targetSdkVersion
		INJECTED from XCJ/MPChartLib/AndroidManifest.xml
		ADDED from XCJ/MPChartLib/AndroidManifest.xml
		INJECTED from XCJ/MPChartLib/AndroidManifest.xml
	android:minSdkVersion
		INJECTED from XCJ/MPChartLib/AndroidManifest.xml
		ADDED from XCJ/MPChartLib/AndroidManifest.xml
		INJECTED from XCJ/MPChartLib/AndroidManifest.xml